
Base de donnée du 18/11/2023

TABLE user_stats

let list = [{"user_id":"467333274314997760","level":"136","xp":"197910","bonus":"1"},
{"user_id":"233322709604368385","level":"118","xp":"150022","bonus":"100"},
{"user_id":"904401609939886100","level":"117","xp":"148444","bonus":"0"},
{"user_id":"848003991837212712","level":"114","xp":"140818","bonus":"0"},
{"user_id":"959198467224387584","level":"111","xp":"134476","bonus":"0"},
{"user_id":"575402346591420447","level":"94","xp":"97478","bonus":"0"},
{"user_id":"466722376852307972","level":"85","xp":"79820","bonus":"0"},
{"user_id":"412935971873488896","level":"76","xp":"65958","bonus":"0"},
{"user_id":"262306247628423168","level":"74","xp":"62354","bonus":"0"},
{"user_id":"1093190904157851728","level":"66","xp":"50234","bonus":"0"},
{"user_id":"705333558406938656","level":"64","xp":"47326","bonus":"0"},
{"user_id":"326458774757834753","level":"60","xp":"10230","bonus":"800"},
{"user_id":"195503235308584960","level":"58","xp":"39818","bonus":"0"},
{"user_id":"461898434346221568","level":"57","xp":"38356","bonus":"0"},
{"user_id":"964474149793828865","level":"57","xp":"5926","bonus":"182"},
{"user_id":"638814477139181570","level":"53","xp":"33344","bonus":"0"},
{"user_id":"691245243026112574","level":"53","xp":"33844","bonus":"0"},
{"user_id":"1078688862471213197","level":"47","xp":"27064","bonus":"0"},
{"user_id":"526528898876440608","level":"47","xp":"26796","bonus":"0"},
{"user_id":"478567941533859843","level":"46","xp":"25654","bonus":"0"},
{"user_id":"660776191489212436","level":"46","xp":"25790","bonus":"0"},
{"user_id":"618546065435787312","level":"45","xp":"24720","bonus":"0"},
{"user_id":"770334301609787392","level":"45","xp":"832","bonus":"800"},
{"user_id":"1102997268686188584","level":"44","xp":"23234","bonus":"0"},
{"user_id":"179520896288030722","level":"42","xp":"21762","bonus":"0"},
{"user_id":"558287487378653200","level":"42","xp":"22162","bonus":"0"},
{"user_id":"300399893611151361","level":"39","xp":"19152","bonus":"0"},
{"user_id":"135456275273089024","level":"36","xp":"16890","bonus":"0"},
{"user_id":"215128617829662721","level":"35","xp":"15640","bonus":"0"},
{"user_id":"285469828112711701","level":"35","xp":"15304","bonus":"0"},
{"user_id":"535976713319088129","level":"34","xp":"14866","bonus":"0"},
{"user_id":"701122369988591626","level":"34","xp":"15222","bonus":"0"},
{"user_id":"763142188925321268","level":"34","xp":"14978","bonus":"0"},
{"user_id":"1014274085821362286","level":"33","xp":"14084","bonus":"0"},
{"user_id":"201035766808182785","level":"33","xp":"14080","bonus":"0"},
{"user_id":"256126326967238656","level":"33","xp":"14100","bonus":"0"},
{"user_id":"422426925462716419","level":"33","xp":"14080","bonus":"0"},
{"user_id":"718015664975249438","level":"33","xp":"14262","bonus":"0"},
{"user_id":"857032157985243156","level":"33","xp":"14200","bonus":"0"},
{"user_id":"906944774710370336","level":"33","xp":"14120","bonus":"0"},
{"user_id":"607263577857982485","level":"32","xp":"13330","bonus":"0"},
{"user_id":"828938545217011722","level":"32","xp":"13330","bonus":"0"},
{"user_id":"884734761027899443","level":"28","xp":"10662","bonus":"0"},
{"user_id":"726501483062886470","level":"26","xp":"9118","bonus":"0"},
{"user_id":"311031398188318721","level":"25","xp":"8648","bonus":"0"},
{"user_id":"981306458568273920","level":"21","xp":"6376","bonus":"0"},
{"user_id":"218467513455869953","level":"19","xp":"5404","bonus":"0"},
{"user_id":"445249218366537728","level":"19","xp":"5400","bonus":"0"},
{"user_id":"482940635435761668","level":"19","xp":"5400","bonus":"0"},
{"user_id":"970960519928365096","level":"19","xp":"5408","bonus":"0"},
{"user_id":"256822512732733450","level":"18","xp":"4930","bonus":"0"},
{"user_id":"265937034789519360","level":"18","xp":"4930","bonus":"0"},
{"user_id":"744505000226717716","level":"18","xp":"4930","bonus":"0"},
{"user_id":"155453489806311426","level":"15","xp":"3556","bonus":"0"},
{"user_id":"398547252697759747","level":"14","xp":"3352","bonus":"0"},
{"user_id":"935934501169803304","level":"13","xp":"2888","bonus":"0"},
{"user_id":"419608713674883103","level":"11","xp":"2380","bonus":"0"},
{"user_id":"720353948543877222","level":"10","xp":"1954","bonus":"0"},
{"user_id":"1164165836047650846","level":"7","xp":"1044","bonus":"0"},
{"user_id":"461476815161262080","level":"7","xp":"1088","bonus":"0"},
{"user_id":"793905619299074099","level":"5","xp":"640","bonus":"0"},
{"user_id":"699966368790872164","level":"4","xp":"450","bonus":"0"},
{"user_id":"1122597359822581830","level":"2","xp":"74","bonus":"50"},
{"user_id":"1171808665808928869","level":"2","xp":"192","bonus":"0"},
{"user_id":"1000966721580040203","level":"1","xp":"18","bonus":"0"},
{"user_id":"1053210966302662656","level":"1","xp":"18","bonus":"0"},
{"user_id":"249872755795820557","level":"1","xp":"10","bonus":"0"},
{"user_id":"1020023930712494131","level":"0","xp":"0","bonus":"0"},
{"user_id":"1027652725837680761","level":"0","xp":"0","bonus":"0"},
{"user_id":"1064148402138513428","level":"0","xp":"0","bonus":"0"},
{"user_id":"1092475336379338842","level":"0","xp":"0","bonus":"0"},
{"user_id":"1103660502263005267","level":"0","xp":"0","bonus":"0"},
{"user_id":"1160711641772593162","level":"0","xp":"0","bonus":"0"},
{"user_id":"1166413052657291298","level":"0","xp":"0","bonus":"0"},
{"user_id":"236521414209961984","level":"0","xp":"0","bonus":"0"},
{"user_id":"244162607819259906","level":"0","xp":"0","bonus":"0"},
{"user_id":"268809899473895425","level":"0","xp":"0","bonus":"0"},
{"user_id":"287579356904292362","level":"0","xp":"0","bonus":"0"},
{"user_id":"320939493626478603","level":"0","xp":"0","bonus":"0"},
{"user_id":"333356554923409409","level":"0","xp":"0","bonus":"0"},
{"user_id":"566650996915437575","level":"0","xp":"0","bonus":"0"},
{"user_id":"579776238936260608","level":"0","xp":"0","bonus":"0"},
{"user_id":"595953101706362881","level":"0","xp":"0","bonus":"0"},
{"user_id":"662283397690818572","level":"0","xp":"0","bonus":"0"},
{"user_id":"706790797978239056","level":"0","xp":"0","bonus":"0"},
{"user_id":"841275376197959700","level":"0","xp":"0","bonus":"0"},
{"user_id":"855370407342899220","level":"0","xp":"0","bonus":"0"},
{"user_id":"899468280673239051","level":"0","xp":"0","bonus":"0"},
{"user_id":"944290819609862154","level":"0","xp":"0","bonus":"0"},
{"user_id":"974585722164097045","level":"0","xp":"0","bonus":"0"}]


list.map(x => {
    return `INSERT INTO user_stats (user_id, xp, messages, minutesInVoice, adminGive, react, img, level, bonus) VALUES (${x.user_id},${x.xp},0,0, 0,0,0,${x.level}, ${x.bonus}) ON DUPLICATE KEY UPDATE user_id=user_id;`
})
/*
, // user_id
, // xp
0, // messages
0, // hoursInVoice
0, // adminGive
0, // react
0, // img
x.level, // level
x.bonus, // bonus
*/